npm error code ERESOLVE
npm error ERESOLVE could not resolve
npm error
npm error While resolving: @testing-library/react-hooks@8.0.1
npm error Found: @types/react@19.0.8
npm error node_modules/@types/react
npm error   peerOptional @types/react@"*" from @radix-ui/react-compose-refs@1.1.1
npm error   node_modules/@radix-ui/react-compose-refs
npm error     @radix-ui/react-compose-refs@"1.1.1" from @radix-ui/react-slot@1.1.2
npm error     node_modules/@radix-ui/react-slot
npm error       @radix-ui/react-slot@"^1.1.2" from the root project
npm error   peerOptional @types/react@"*" from @radix-ui/react-slot@1.1.2
npm error   node_modules/@radix-ui/react-slot
npm error     @radix-ui/react-slot@"^1.1.2" from the root project
npm error   3 more (@testing-library/react, @types/react-dom, the root project)
npm error
npm error Could not resolve dependency:
npm error peerOptional @types/react@"^16.9.0 || ^17.0.0" from @testing-library/react-hooks@8.0.1
npm error node_modules/@testing-library/react-hooks
npm error   dev @testing-library/react-hooks@"^8.0.1" from the root project
npm error
npm error Conflicting peer dependency: @types/react@17.0.85
npm error node_modules/@types/react
npm error   peerOptional @types/react@"^16.9.0 || ^17.0.0" from @testing-library/react-hooks@8.0.1
npm error   node_modules/@testing-library/react-hooks
npm error     dev @testing-library/react-hooks@"^8.0.1" from the root project
npm error
npm error Fix the upstream dependency conflict, or retry
npm error this command with --force or --legacy-peer-deps
npm error to accept an incorrect (and potentially broken) dependency resolution.
npm error
npm error
npm error For a full report see:
npm error C:\Users\Legion\AppData\Local\npm-cache\_logs\2025-05-19T17_15_33_813Z-eresolve-report.txt

npm error A complete log of this run can be found in: C:\Users\Legion\AppData\Local\npm-cache\_logs\2025-05-19T17_15_33_813Z-debug-0.log
